<html>
<head>
<title>TestNG:  Test Node1</title>
<link href="../testng.css" rel="stylesheet" type="text/css" />
<link href="../my-testng.css" rel="stylesheet" type="text/css" />

<style type="text/css">
.log { display: none;} 
.stack-trace { display: none;} 
</style>
<script type="text/javascript">
<!--
function flip(e) {
  current = e.style.display;
  if (current == 'block') {
    e.style.display = 'none';
    return 0;
  }
  else {
    e.style.display = 'block';
    return 1;
  }
}

function toggleBox(szDivId, elem, msg1, msg2)
{
  var res = -1;  if (document.getElementById) {
    res = flip(document.getElementById(szDivId));
  }
  else if (document.all) {
    // this is the way old msie versions work
    res = flip(document.all[szDivId]);
  }
  if(elem) {
    if(res == 0) elem.innerHTML = msg1; else elem.innerHTML = msg2;
  }

}

function toggleAllBoxes() {
  if (document.getElementsByTagName) {
    d = document.getElementsByTagName('div');
    for (i = 0; i < d.length; i++) {
      if (d[i].className == 'log') {
        flip(d[i]);
      }
    }
  }
}

// -->
</script>

</head>
<body>
<h2 align='center'>Test Node1</h2><table border='1' align="center">
<tr>
<td>Tests passed/Failed/Skipped:</td><td>17/3/0</td>
</tr><tr>
<td>Started on:</td><td>Sat Oct 31 11:24:14 IST 2020</td>
</tr>
<tr><td>Total time:</td><td>1315 seconds (1315847 ms)</td>
</tr><tr>
<td>Included groups:</td><td></td>
</tr><tr>
<td>Excluded groups:</td><td></td>
</tr>
</table><p/>
<small><i>(Hover the method name to see the test class name)</i></small><p/>
<table width='100%' border='1' class='invocation-failed'>
<tr><td colspan='4' align='center'><b>FAILED TESTS</b></td></tr>
<tr><td><b>Test method</b></td>
<td width="30%"><b>Exception</b></td>
<td width="10%"><b>Time (seconds)</b></td>
<td><b>Instance</b></td>
</tr>
<tr>
<td title='com_hackathon_test.CabStationTest.testScenarioOne()'><b>testScenarioOne</b><br>Test class: com_hackathon_test.CabStationTest<br>Parameters: Kolkata, Durgapur, 22/11/2020, 8</td>
<td><div><pre>java.lang.AssertionError: no such element: Unable to locate element: {&quot;method&quot;:&quot;xpath&quot;,&quot;selector&quot;:&quot;//div[contains(text(),&apos;Kolkata&apos;)]&quot;}
  (Session info: chrome=86.0.4240.111)
For documentation on this error, please visit: https://www.seleniumhq.org/exceptions/no_such_element.html
Build info: version: &apos;3.141.59&apos;, revision: &apos;e82be7d358&apos;, time: &apos;2018-11-14T08:17:03&apos;
System info: host: &apos;IT1606511&apos;, ip: &apos;192.168.56.1&apos;, os.name: &apos;Windows 10&apos;, os.arch: &apos;amd64&apos;, os.version: &apos;10.0&apos;, java.version: &apos;1.8.0_171&apos;
Driver info: org.openqa.selenium.remote.RemoteWebDriver
Capabilities {acceptInsecureCerts: false, browserName: chrome, browserVersion: 86.0.4240.111, chrome: {chromedriverVersion: 85.0.4183.87 (cd6713ebf92fa..., userDataDir: C:\Users\KIIT\AppData\Local...}, goog:chromeOptions: {debuggerAddress: localhost:63771}, javascriptEnabled: true, networkConnectionEnabled: false, pageLoadStrategy: normal, platform: WINDOWS, platformName: WINDOWS, proxy: Proxy(), setWindowRect: true, strictFileInteractability: false, timeouts: {implicit: 0, pageLoad: 300000, script: 30000}, unhandledPromptBehavior: dismiss and notify, webauthn:virtualAuthenticators: true, webdriver.remote.sessionid: de283f09b6aa9f98616e1f23940...}
Session ID: de283f09b6aa9f98616e1f239408c00c
*** Element info: {Using=xpath, value=//div[contains(text(),&apos;Kolkata&apos;)]}
	at com_hackathon_base.baseUI.reportFail(baseUI.java:425)
	at com_hackathon_base.baseUI.inputcabDetails(baseUI.java:227)
	at com_hackathon_test.CabStationTest.testScenarioOne(CabStationTest.java:23)
	at java.util.concurrent.ThreadPoolExecutor.runWorker(ThreadPoolExecutor.java:1149)
	at java.util.concurrent.ThreadPoolExecutor$Worker.run(ThreadPoolExecutor.java:624)
	at java.lang.Thread.run(Thread.java:748)
... Removed 11 stack frames</pre></div><a href='#' onClick='toggleBox("stack-trace518861610", this, "Click to show all stack frames", "Click to hide stack frames")'>Click to show all stack frames</a>
<div class='stack-trace' id='stack-trace518861610'><pre>java.lang.AssertionError: no such element: Unable to locate element: {&quot;method&quot;:&quot;xpath&quot;,&quot;selector&quot;:&quot;//div[contains(text(),&apos;Kolkata&apos;)]&quot;}
  (Session info: chrome=86.0.4240.111)
For documentation on this error, please visit: https://www.seleniumhq.org/exceptions/no_such_element.html
Build info: version: &apos;3.141.59&apos;, revision: &apos;e82be7d358&apos;, time: &apos;2018-11-14T08:17:03&apos;
System info: host: &apos;IT1606511&apos;, ip: &apos;192.168.56.1&apos;, os.name: &apos;Windows 10&apos;, os.arch: &apos;amd64&apos;, os.version: &apos;10.0&apos;, java.version: &apos;1.8.0_171&apos;
Driver info: org.openqa.selenium.remote.RemoteWebDriver
Capabilities {acceptInsecureCerts: false, browserName: chrome, browserVersion: 86.0.4240.111, chrome: {chromedriverVersion: 85.0.4183.87 (cd6713ebf92fa..., userDataDir: C:\Users\KIIT\AppData\Local...}, goog:chromeOptions: {debuggerAddress: localhost:63771}, javascriptEnabled: true, networkConnectionEnabled: false, pageLoadStrategy: normal, platform: WINDOWS, platformName: WINDOWS, proxy: Proxy(), setWindowRect: true, strictFileInteractability: false, timeouts: {implicit: 0, pageLoad: 300000, script: 30000}, unhandledPromptBehavior: dismiss and notify, webauthn:virtualAuthenticators: true, webdriver.remote.sessionid: de283f09b6aa9f98616e1f23940...}
Session ID: de283f09b6aa9f98616e1f239408c00c
*** Element info: {Using=xpath, value=//div[contains(text(),&apos;Kolkata&apos;)]}
	at org.testng.Assert.fail(Assert.java:96)
	at com_hackathon_base.baseUI.reportFail(baseUI.java:425)
	at com_hackathon_base.baseUI.inputcabDetails(baseUI.java:227)
	at com_hackathon_test.CabStationTest.testScenarioOne(CabStationTest.java:23)
	at sun.reflect.NativeMethodAccessorImpl.invoke0(Native Method)
	at sun.reflect.NativeMethodAccessorImpl.invoke(NativeMethodAccessorImpl.java:62)
	at sun.reflect.DelegatingMethodAccessorImpl.invoke(DelegatingMethodAccessorImpl.java:43)
	at java.lang.reflect.Method.invoke(Method.java:498)
	at org.testng.internal.MethodInvocationHelper.invokeMethod(MethodInvocationHelper.java:124)
	at org.testng.internal.Invoker.invokeMethod(Invoker.java:583)
	at org.testng.internal.Invoker.invokeTestMethod(Invoker.java:719)
	at org.testng.internal.Invoker.invokeTestMethods(Invoker.java:989)
	at org.testng.internal.TestMethodWorker.invokeTestMethods(TestMethodWorker.java:125)
	at org.testng.internal.TestMethodWorker.run(TestMethodWorker.java:109)
	at java.util.concurrent.ThreadPoolExecutor.runWorker(ThreadPoolExecutor.java:1149)
	at java.util.concurrent.ThreadPoolExecutor$Worker.run(ThreadPoolExecutor.java:624)
	at java.lang.Thread.run(Thread.java:748)
</pre></div></td>
<td>52</td>
<td>com_hackathon_test.CabStationTest@bef2d72</td></tr>
<tr>
<td title='com_hackathon_test.CabStationTest.testScenarioTwo()'><b>testScenarioTwo</b><br>Test class: com_hackathon_test.CabStationTest<br>Parameters: 2000, 10, Kizzi basu, kaz@gmail.com, 4343231231, Dorera Hasina, gh, , </td>
<td><div><pre>org.openqa.selenium.NoSuchElementException: no such element: Unable to locate element: {&quot;method&quot;:&quot;xpath&quot;,&quot;selector&quot;:&quot;//p[contains(text(),&apos;Invalid receiver email address.&apos;)]&quot;}
  (Session info: chrome=86.0.4240.111)
For documentation on this error, please visit: https://www.seleniumhq.org/exceptions/no_such_element.html
Build info: version: &apos;3.141.59&apos;, revision: &apos;e82be7d358&apos;, time: &apos;2018-11-14T08:17:03&apos;
System info: host: &apos;IT1606511&apos;, ip: &apos;192.168.56.1&apos;, os.name: &apos;Windows 10&apos;, os.arch: &apos;amd64&apos;, os.version: &apos;10.0&apos;, java.version: &apos;1.8.0_171&apos;
Driver info: org.openqa.selenium.remote.RemoteWebDriver
Capabilities {acceptInsecureCerts: false, browserName: chrome, browserVersion: 86.0.4240.111, chrome: {chromedriverVersion: 85.0.4183.87 (cd6713ebf92fa..., userDataDir: C:\Users\KIIT\AppData\Local...}, goog:chromeOptions: {debuggerAddress: localhost:64426}, javascriptEnabled: true, networkConnectionEnabled: false, pageLoadStrategy: normal, platform: WINDOWS, platformName: WINDOWS, proxy: Proxy(), setWindowRect: true, strictFileInteractability: false, timeouts: {implicit: 0, pageLoad: 300000, script: 30000}, unhandledPromptBehavior: dismiss and notify, webauthn:virtualAuthenticators: true, webdriver.remote.sessionid: 88d37cd7b0afedcd64decbe8db3...}
Session ID: 88d37cd7b0afedcd64decbe8db32af3f
*** Element info: {Using=xpath, value=//p[contains(text(),&apos;Invalid receiver email address.&apos;)]}
	at org.openqa.selenium.remote.http.W3CHttpResponseCodec.createException(W3CHttpResponseCodec.java:187)
	at org.openqa.selenium.remote.http.W3CHttpResponseCodec.decode(W3CHttpResponseCodec.java:122)
	at org.openqa.selenium.remote.http.W3CHttpResponseCodec.decode(W3CHttpResponseCodec.java:49)
	at org.openqa.selenium.remote.HttpCommandExecutor.execute(HttpCommandExecutor.java:158)
	at org.openqa.selenium.remote.RemoteWebDriver.execute(RemoteWebDriver.java:552)
	at org.openqa.selenium.remote.RemoteWebDriver.findElement(RemoteWebDriver.java:323)
	at org.openqa.selenium.remote.RemoteWebDriver.findElementByXPath(RemoteWebDriver.java:428)
	at org.openqa.selenium.By$ByXPath.findElement(By.java:353)
	at org.openqa.selenium.remote.RemoteWebDriver.findElement(RemoteWebDriver.java:315)
	at com_hackathon_base.baseUI.agree(baseUI.java:391)
	at com_hackathon_test.CabStationTest.testScenarioTwo(CabStationTest.java:43)
	at java.util.concurrent.ThreadPoolExecutor.runWorker(ThreadPoolExecutor.java:1149)
	at java.util.concurrent.ThreadPoolExecutor$Worker.run(ThreadPoolExecutor.java:624)
	at java.lang.Thread.run(Thread.java:748)
... Removed 14 stack frames</pre></div><a href='#' onClick='toggleBox("stack-trace1118454844", this, "Click to show all stack frames", "Click to hide stack frames")'>Click to show all stack frames</a>
<div class='stack-trace' id='stack-trace1118454844'><pre>org.openqa.selenium.NoSuchElementException: no such element: Unable to locate element: {&quot;method&quot;:&quot;xpath&quot;,&quot;selector&quot;:&quot;//p[contains(text(),&apos;Invalid receiver email address.&apos;)]&quot;}
  (Session info: chrome=86.0.4240.111)
For documentation on this error, please visit: https://www.seleniumhq.org/exceptions/no_such_element.html
Build info: version: &apos;3.141.59&apos;, revision: &apos;e82be7d358&apos;, time: &apos;2018-11-14T08:17:03&apos;
System info: host: &apos;IT1606511&apos;, ip: &apos;192.168.56.1&apos;, os.name: &apos;Windows 10&apos;, os.arch: &apos;amd64&apos;, os.version: &apos;10.0&apos;, java.version: &apos;1.8.0_171&apos;
Driver info: org.openqa.selenium.remote.RemoteWebDriver
Capabilities {acceptInsecureCerts: false, browserName: chrome, browserVersion: 86.0.4240.111, chrome: {chromedriverVersion: 85.0.4183.87 (cd6713ebf92fa..., userDataDir: C:\Users\KIIT\AppData\Local...}, goog:chromeOptions: {debuggerAddress: localhost:64426}, javascriptEnabled: true, networkConnectionEnabled: false, pageLoadStrategy: normal, platform: WINDOWS, platformName: WINDOWS, proxy: Proxy(), setWindowRect: true, strictFileInteractability: false, timeouts: {implicit: 0, pageLoad: 300000, script: 30000}, unhandledPromptBehavior: dismiss and notify, webauthn:virtualAuthenticators: true, webdriver.remote.sessionid: 88d37cd7b0afedcd64decbe8db3...}
Session ID: 88d37cd7b0afedcd64decbe8db32af3f
*** Element info: {Using=xpath, value=//p[contains(text(),&apos;Invalid receiver email address.&apos;)]}
	at sun.reflect.NativeConstructorAccessorImpl.newInstance0(Native Method)
	at sun.reflect.NativeConstructorAccessorImpl.newInstance(NativeConstructorAccessorImpl.java:62)
	at sun.reflect.DelegatingConstructorAccessorImpl.newInstance(DelegatingConstructorAccessorImpl.java:45)
	at java.lang.reflect.Constructor.newInstance(Constructor.java:423)
	at org.openqa.selenium.remote.http.W3CHttpResponseCodec.createException(W3CHttpResponseCodec.java:187)
	at org.openqa.selenium.remote.http.W3CHttpResponseCodec.decode(W3CHttpResponseCodec.java:122)
	at org.openqa.selenium.remote.http.W3CHttpResponseCodec.decode(W3CHttpResponseCodec.java:49)
	at org.openqa.selenium.remote.HttpCommandExecutor.execute(HttpCommandExecutor.java:158)
	at org.openqa.selenium.remote.RemoteWebDriver.execute(RemoteWebDriver.java:552)
	at org.openqa.selenium.remote.RemoteWebDriver.findElement(RemoteWebDriver.java:323)
	at org.openqa.selenium.remote.RemoteWebDriver.findElementByXPath(RemoteWebDriver.java:428)
	at org.openqa.selenium.By$ByXPath.findElement(By.java:353)
	at org.openqa.selenium.remote.RemoteWebDriver.findElement(RemoteWebDriver.java:315)
	at com_hackathon_base.baseUI.agree(baseUI.java:391)
	at com_hackathon_test.CabStationTest.testScenarioTwo(CabStationTest.java:43)
	at sun.reflect.NativeMethodAccessorImpl.invoke0(Native Method)
	at sun.reflect.NativeMethodAccessorImpl.invoke(NativeMethodAccessorImpl.java:62)
	at sun.reflect.DelegatingMethodAccessorImpl.invoke(DelegatingMethodAccessorImpl.java:43)
	at java.lang.reflect.Method.invoke(Method.java:498)
	at org.testng.internal.MethodInvocationHelper.invokeMethod(MethodInvocationHelper.java:124)
	at org.testng.internal.Invoker.invokeMethod(Invoker.java:583)
	at org.testng.internal.Invoker.invokeTestMethod(Invoker.java:719)
	at org.testng.internal.Invoker.invokeTestMethods(Invoker.java:989)
	at org.testng.internal.TestMethodWorker.invokeTestMethods(TestMethodWorker.java:125)
	at org.testng.internal.TestMethodWorker.run(TestMethodWorker.java:109)
	at java.util.concurrent.ThreadPoolExecutor.runWorker(ThreadPoolExecutor.java:1149)
	at java.util.concurrent.ThreadPoolExecutor$Worker.run(ThreadPoolExecutor.java:624)
	at java.lang.Thread.run(Thread.java:748)
</pre></div></td>
<td>56</td>
<td>com_hackathon_test.CabStationTest@bef2d72</td></tr>
<tr>
<td title='com_hackathon_test.CabStationTest.testScenarioTwo()'><b>testScenarioTwo</b><br>Test class: com_hackathon_test.CabStationTest<br>Parameters: 5000, 5, james Christopher Loius, jamen@gmail.com, 9997876761, Eleana Criuise, eele, , </td>
<td><div><pre>org.openqa.selenium.NoSuchElementException: no such element: Unable to locate element: {&quot;method&quot;:&quot;xpath&quot;,&quot;selector&quot;:&quot;//p[contains(text(),&apos;Invalid receiver email address.&apos;)]&quot;}
  (Session info: chrome=86.0.4240.111)
For documentation on this error, please visit: https://www.seleniumhq.org/exceptions/no_such_element.html
Build info: version: &apos;3.141.59&apos;, revision: &apos;e82be7d358&apos;, time: &apos;2018-11-14T08:17:03&apos;
System info: host: &apos;IT1606511&apos;, ip: &apos;192.168.56.1&apos;, os.name: &apos;Windows 10&apos;, os.arch: &apos;amd64&apos;, os.version: &apos;10.0&apos;, java.version: &apos;1.8.0_171&apos;
Driver info: org.openqa.selenium.remote.RemoteWebDriver
Capabilities {acceptInsecureCerts: false, browserName: chrome, browserVersion: 86.0.4240.111, chrome: {chromedriverVersion: 85.0.4183.87 (cd6713ebf92fa..., userDataDir: C:\Users\KIIT\AppData\Local...}, goog:chromeOptions: {debuggerAddress: localhost:64510}, javascriptEnabled: true, networkConnectionEnabled: false, pageLoadStrategy: normal, platform: WINDOWS, platformName: WINDOWS, proxy: Proxy(), setWindowRect: true, strictFileInteractability: false, timeouts: {implicit: 0, pageLoad: 300000, script: 30000}, unhandledPromptBehavior: dismiss and notify, webauthn:virtualAuthenticators: true, webdriver.remote.sessionid: ceb4ae13a8f1ec751df6719b258...}
Session ID: ceb4ae13a8f1ec751df6719b25819855
*** Element info: {Using=xpath, value=//p[contains(text(),&apos;Invalid receiver email address.&apos;)]}
	at org.openqa.selenium.remote.http.W3CHttpResponseCodec.createException(W3CHttpResponseCodec.java:187)
	at org.openqa.selenium.remote.http.W3CHttpResponseCodec.decode(W3CHttpResponseCodec.java:122)
	at org.openqa.selenium.remote.http.W3CHttpResponseCodec.decode(W3CHttpResponseCodec.java:49)
	at org.openqa.selenium.remote.HttpCommandExecutor.execute(HttpCommandExecutor.java:158)
	at org.openqa.selenium.remote.RemoteWebDriver.execute(RemoteWebDriver.java:552)
	at org.openqa.selenium.remote.RemoteWebDriver.findElement(RemoteWebDriver.java:323)
	at org.openqa.selenium.remote.RemoteWebDriver.findElementByXPath(RemoteWebDriver.java:428)
	at org.openqa.selenium.By$ByXPath.findElement(By.java:353)
	at org.openqa.selenium.remote.RemoteWebDriver.findElement(RemoteWebDriver.java:315)
	at com_hackathon_base.baseUI.agree(baseUI.java:391)
	at com_hackathon_test.CabStationTest.testScenarioTwo(CabStationTest.java:43)
	at java.util.concurrent.ThreadPoolExecutor.runWorker(ThreadPoolExecutor.java:1149)
	at java.util.concurrent.ThreadPoolExecutor$Worker.run(ThreadPoolExecutor.java:624)
	at java.lang.Thread.run(Thread.java:748)
... Removed 14 stack frames</pre></div><a href='#' onClick='toggleBox("stack-trace2017114893", this, "Click to show all stack frames", "Click to hide stack frames")'>Click to show all stack frames</a>
<div class='stack-trace' id='stack-trace2017114893'><pre>org.openqa.selenium.NoSuchElementException: no such element: Unable to locate element: {&quot;method&quot;:&quot;xpath&quot;,&quot;selector&quot;:&quot;//p[contains(text(),&apos;Invalid receiver email address.&apos;)]&quot;}
  (Session info: chrome=86.0.4240.111)
For documentation on this error, please visit: https://www.seleniumhq.org/exceptions/no_such_element.html
Build info: version: &apos;3.141.59&apos;, revision: &apos;e82be7d358&apos;, time: &apos;2018-11-14T08:17:03&apos;
System info: host: &apos;IT1606511&apos;, ip: &apos;192.168.56.1&apos;, os.name: &apos;Windows 10&apos;, os.arch: &apos;amd64&apos;, os.version: &apos;10.0&apos;, java.version: &apos;1.8.0_171&apos;
Driver info: org.openqa.selenium.remote.RemoteWebDriver
Capabilities {acceptInsecureCerts: false, browserName: chrome, browserVersion: 86.0.4240.111, chrome: {chromedriverVersion: 85.0.4183.87 (cd6713ebf92fa..., userDataDir: C:\Users\KIIT\AppData\Local...}, goog:chromeOptions: {debuggerAddress: localhost:64510}, javascriptEnabled: true, networkConnectionEnabled: false, pageLoadStrategy: normal, platform: WINDOWS, platformName: WINDOWS, proxy: Proxy(), setWindowRect: true, strictFileInteractability: false, timeouts: {implicit: 0, pageLoad: 300000, script: 30000}, unhandledPromptBehavior: dismiss and notify, webauthn:virtualAuthenticators: true, webdriver.remote.sessionid: ceb4ae13a8f1ec751df6719b258...}
Session ID: ceb4ae13a8f1ec751df6719b25819855
*** Element info: {Using=xpath, value=//p[contains(text(),&apos;Invalid receiver email address.&apos;)]}
	at sun.reflect.NativeConstructorAccessorImpl.newInstance0(Native Method)
	at sun.reflect.NativeConstructorAccessorImpl.newInstance(NativeConstructorAccessorImpl.java:62)
	at sun.reflect.DelegatingConstructorAccessorImpl.newInstance(DelegatingConstructorAccessorImpl.java:45)
	at java.lang.reflect.Constructor.newInstance(Constructor.java:423)
	at org.openqa.selenium.remote.http.W3CHttpResponseCodec.createException(W3CHttpResponseCodec.java:187)
	at org.openqa.selenium.remote.http.W3CHttpResponseCodec.decode(W3CHttpResponseCodec.java:122)
	at org.openqa.selenium.remote.http.W3CHttpResponseCodec.decode(W3CHttpResponseCodec.java:49)
	at org.openqa.selenium.remote.HttpCommandExecutor.execute(HttpCommandExecutor.java:158)
	at org.openqa.selenium.remote.RemoteWebDriver.execute(RemoteWebDriver.java:552)
	at org.openqa.selenium.remote.RemoteWebDriver.findElement(RemoteWebDriver.java:323)
	at org.openqa.selenium.remote.RemoteWebDriver.findElementByXPath(RemoteWebDriver.java:428)
	at org.openqa.selenium.By$ByXPath.findElement(By.java:353)
	at org.openqa.selenium.remote.RemoteWebDriver.findElement(RemoteWebDriver.java:315)
	at com_hackathon_base.baseUI.agree(baseUI.java:391)
	at com_hackathon_test.CabStationTest.testScenarioTwo(CabStationTest.java:43)
	at sun.reflect.NativeMethodAccessorImpl.invoke0(Native Method)
	at sun.reflect.NativeMethodAccessorImpl.invoke(NativeMethodAccessorImpl.java:62)
	at sun.reflect.DelegatingMethodAccessorImpl.invoke(DelegatingMethodAccessorImpl.java:43)
	at java.lang.reflect.Method.invoke(Method.java:498)
	at org.testng.internal.MethodInvocationHelper.invokeMethod(MethodInvocationHelper.java:124)
	at org.testng.internal.Invoker.invokeMethod(Invoker.java:583)
	at org.testng.internal.Invoker.invokeTestMethod(Invoker.java:719)
	at org.testng.internal.Invoker.invokeTestMethods(Invoker.java:989)
	at org.testng.internal.TestMethodWorker.invokeTestMethods(TestMethodWorker.java:125)
	at org.testng.internal.TestMethodWorker.run(TestMethodWorker.java:109)
	at java.util.concurrent.ThreadPoolExecutor.runWorker(ThreadPoolExecutor.java:1149)
	at java.util.concurrent.ThreadPoolExecutor$Worker.run(ThreadPoolExecutor.java:624)
	at java.lang.Thread.run(Thread.java:748)
</pre></div></td>
<td>65</td>
<td>com_hackathon_test.CabStationTest@bef2d72</td></tr>
</table><p>
<table width='100%' border='1' class='invocation-passed'>
<tr><td colspan='4' align='center'><b>PASSED TESTS</b></td></tr>
<tr><td><b>Test method</b></td>
<td width="30%"><b>Exception</b></td>
<td width="10%"><b>Time (seconds)</b></td>
<td><b>Instance</b></td>
</tr>
<tr>
<td title='com_hackathon_test.CabStationTest.TestScenarioThree()'><b>TestScenarioThree</b><br>Test class: com_hackathon_test.CabStationTest</td>
<td></td>
<td>21</td>
<td>com_hackathon_test.CabStationTest@bef2d72</td></tr>
<tr>
<td title='com_hackathon_test.CabStationTest.testScenarioOne()'><b>testScenarioOne</b><br>Test class: com_hackathon_test.CabStationTest<br>Parameters: Delhi, Manali, 23/12/2020, 17</td>
<td></td>
<td>52</td>
<td>com_hackathon_test.CabStationTest@bef2d72</td></tr>
<tr>
<td title='com_hackathon_test.CabStationTest.testScenarioOne()'><b>testScenarioOne</b><br>Test class: com_hackathon_test.CabStationTest<br>Parameters: Mumbai, Goa, 23/12/2020, 5</td>
<td></td>
<td>499</td>
<td>com_hackathon_test.CabStationTest@bef2d72</td></tr>
<tr>
<td title='com_hackathon_test.CabStationTest.testScenarioOne()'><b>testScenarioOne</b><br>Test class: com_hackathon_test.CabStationTest<br>Parameters: Nagpur, Pune, 22/12/2020, 7</td>
<td></td>
<td>45</td>
<td>com_hackathon_test.CabStationTest@bef2d72</td></tr>
<tr>
<td title='com_hackathon_test.CabStationTest.testScenarioOne()'><b>testScenarioOne</b><br>Test class: com_hackathon_test.CabStationTest<br>Parameters: Chennai, Coimbatore, 3/12/2020, 18</td>
<td></td>
<td>50</td>
<td>com_hackathon_test.CabStationTest@bef2d72</td></tr>
<tr>
<td title='com_hackathon_test.CabStationTest.testScenarioOne()'><b>testScenarioOne</b><br>Test class: com_hackathon_test.CabStationTest<br>Parameters: Kerala, Coimbatore, 27/12/2020, 3</td>
<td></td>
<td>45</td>
<td>com_hackathon_test.CabStationTest@bef2d72</td></tr>
<tr>
<td title='com_hackathon_test.CabStationTest.testScenarioOne()'><b>testScenarioOne</b><br>Test class: com_hackathon_test.CabStationTest<br>Parameters: Delhi, Haryana, 2/1/2021, 9</td>
<td></td>
<td>47</td>
<td>com_hackathon_test.CabStationTest@bef2d72</td></tr>
<tr>
<td title='com_hackathon_test.CabStationTest.testScenarioOne()'><b>testScenarioOne</b><br>Test class: com_hackathon_test.CabStationTest<br>Parameters: Kodaikanal, Chennai, 23/12/2020, 9</td>
<td></td>
<td>75</td>
<td>com_hackathon_test.CabStationTest@bef2d72</td></tr>
<tr>
<td title='com_hackathon_test.CabStationTest.testScenarioOne()'><b>testScenarioOne</b><br>Test class: com_hackathon_test.CabStationTest<br>Parameters: Kolkata, Delhi, 4/11/2020, 8</td>
<td></td>
<td>40</td>
<td>com_hackathon_test.CabStationTest@bef2d72</td></tr>
<tr>
<td title='com_hackathon_test.CabStationTest.testScenarioTwo()'><b>testScenarioTwo</b><br>Test class: com_hackathon_test.CabStationTest<br>Parameters: 1000, 6, john gopes, john@gmail.com, 1231231231, Suezeka nohara, sugdfgdf.com, sugdfgdf.com, 8909876780</td>
<td></td>
<td>36</td>
<td>com_hackathon_test.CabStationTest@bef2d72</td></tr>
<tr>
<td title='com_hackathon_test.CabStationTest.testScenarioTwo()'><b>testScenarioTwo</b><br>Test class: com_hackathon_test.CabStationTest<br>Parameters: 3000, 4, Shivani Sinha, abc@gmail.com, 6786781231, Nobita ghosh, .com, sugdfgdf.com, 8909812380</td>
<td></td>
<td>23</td>
<td>com_hackathon_test.CabStationTest@bef2d72</td></tr>
<tr>
<td title='com_hackathon_test.CabStationTest.testScenarioTwo()'><b>testScenarioTwo</b><br>Test class: com_hackathon_test.CabStationTest<br>Parameters: 2000, 2, Mexi Columbus, max@gmail.com, 9831231231, Malica jenry, ..com, asgfjom, 0</td>
<td></td>
<td>33</td>
<td>com_hackathon_test.CabStationTest@bef2d72</td></tr>
<tr>
<td title='com_hackathon_test.CabStationTest.testScenarioTwo()'><b>testScenarioTwo</b><br>Test class: com_hackathon_test.CabStationTest<br>Parameters: 1000, 6, Brownn gopes, gopes@gmail.com, 9931231231, Yuzeka nohara, dfgdf.com, s, </td>
<td></td>
<td>39</td>
<td>com_hackathon_test.CabStationTest@bef2d72</td></tr>
<tr>
<td title='com_hackathon_test.CabStationTest.testScenarioTwo()'><b>testScenarioTwo</b><br>Test class: com_hackathon_test.CabStationTest<br>Parameters: 1000, 6, john gopes, john@gmail.com, 1231231231, Suezeka nohara, sugdfgdf.com, sugdfgdf.com, 8909876780</td>
<td></td>
<td>34</td>
<td>com_hackathon_test.CabStationTest@bef2d72</td></tr>
<tr>
<td title='com_hackathon_test.CabStationTest.testScenarioTwo()'><b>testScenarioTwo</b><br>Test class: com_hackathon_test.CabStationTest<br>Parameters: 1000, 6, john gopes, john@gmail.com, 1231231231, Suezeka nohara, sugdfgdf.com, sugdfgdf.com, 8909876780</td>
<td></td>
<td>28</td>
<td>com_hackathon_test.CabStationTest@bef2d72</td></tr>
<tr>
<td title='com_hackathon_test.CabStationTest.testScenarioTwo()'><b>testScenarioTwo</b><br>Test class: com_hackathon_test.CabStationTest<br>Parameters: 2000, 6, Drohny gopes, dnhn@gmail.com, 2031231231, Hazeka Kafin, sugd, om, 8909876780</td>
<td></td>
<td>32</td>
<td>com_hackathon_test.CabStationTest@bef2d72</td></tr>
<tr>
<td title='com_hackathon_test.CabStationTest.testScenarioTwo()'><b>testScenarioTwo</b><br>Test class: com_hackathon_test.CabStationTest<br>Parameters: 1000, 2, Nancy gopes, nan@gmail.com, 9090231231, Priya sinha, yahoo, yahoo, 8909876780</td>
<td></td>
<td>32</td>
<td>com_hackathon_test.CabStationTest@bef2d72</td></tr>
</table><p>
</body>
</html>